<?xml version="1.0" encoding="UTF-8"?>
<testsuite xmlns:xsi="http://www.w3.org/2001/XMLSchema-instance" xsi:schemaLocation="https://maven.apache.org/surefire/maven-surefire-plugin/xsd/surefire-test-report.xsd" name="TestSuite" time="27.04" tests="1" errors="0" skipped="0" failures="1">
  <properties>
[...]
</properties>
  <testcase name="feature" classname="runner.Runner_NewCarSearch_TestNG" time="25.86">
    <failure message="java.lang.AssertionError: expected [New Hatchback Cars in India Between Rs 1 Lakh to Rs 5 Lakh123 | CarDekho.com] but found [New Cars in India | CarDekho.com]" type="cucumber.runtime.CucumberException">cucumber.runtime.CucumberException: java.lang.AssertionError: expected [New Hatchback Cars in India Between Rs 1 Lakh to Rs 5 Lakh123 | CarDekho.com] but found [New Cars in India | CarDekho.com]
Caused by: java.lang.AssertionError: expected [New Hatchback Cars in India Between Rs 1 Lakh to Rs 5 Lakh123 | CarDekho.com] but found [New Cars in India | CarDekho.com]
</failure>
    <system-out><![CDATA[ Inside runner before class method
@Search-Cars
Feature: Validation of Car search page
  
  In order to validate car search as a buyer I navigate https://www.carsguide.com.au/
INSIDE BEFORE GLOABL HOOK AND STARTING THE WEBDRIVER
Window ->CDwindow-FB108D0D22800B41FD8084F481A40936
testing
https://www.cardekho.com/
ChromeDriver: chrome on XP (50deed066b84f516303f0e98db181da0)
ChromeDriver: chrome on XP (50deed066b84f516303f0e98db181da0)
Inside move to new car menu
Search new car page is NOT displayed
Actual search page title is--> New Cars in India | CarDekho.com
true
INSIDE AFTER GLOABL HOOK AND QUITING THE BROWSRE

  # @test
  # Scenario: Searching for new car
  #  Given I am on the home page of https://www.carsguide.com.au/ of car website
  # When I move to car on buy and sale menu
  # Then I Click on Search Cars
  #And I select Make as "BMW"
  #And I select Model as "1Series"
  #And I select Location as "Australia"
  #And I select price as "$10000"
  #And I click on Find My Next Car button
  #Then I should see list of searched cars and page title should be "Bmw 1 Series Under 10000 for Sale"
  @Search-New-Car-Positive
  Scenario: Verifyinng new car search on cardekho.com                                                            # carsearch.feature:25
    Given user is on car dekho web site "https://www.cardekho.com/"                                              # CarDekho_NewCarSearch.user_is_on_car_dekho_web_site(String)
    When user move to the menu                                                                                   # CarDekho_NewCarSearch.user_move_to_the_menu(String>)
    When user click on Search new car option                                                                     # CarDekho_NewCarSearch.user_click_on_Search_new_car_option()
    Then user verify search new car page is displayed                                                            # CarDekho_NewCarSearch.user_verify_search_new_car_page_is_displayed()
    Then user Select budget                                                                                      # CarDekho_NewCarSearch.user_Select_budget_as(String>)
    Then user Select vehical type                                                                                # CarDekho_NewCarSearch.user_Select_vehical_type_as(String>)
    And user clicked on search button                                                                            # CarDekho_NewCarSearch.user_clicked_on_search_button()
    Then use see a list of searched cars                                                                         # CarDekho_NewCarSearch.use_see_a_list_of_searched_cars()
    Then user verify the title is "New Hatchback Cars in India Between Rs 1 Lakh to Rs 5 Lakh123 | CarDekho.com" # CarDekho_NewCarSearch.user_verify_the_title_is(String)
      java.lang.AssertionError: expected [New Hatchback Cars in India Between Rs 1 Lakh to Rs 5 Lakh123 | CarDekho.com] but found [New Cars in India | CarDekho.com]
      	at org.testng.Assert.fail(Assert.java:94)
      	at org.testng.Assert.failNotEquals(Assert.java:494)
      	at org.testng.Assert.assertEquals(Assert.java:123)
      	at org.testng.Assert.assertEquals(Assert.java:176)
      	at org.testng.Assert.assertEquals(Assert.java:186)
      	at steps1.CarDekho_NewCarSearch.user_verify_the_title_is(CarDekho_NewCarSearch.java:108)
      	at ?.Then user verify the title is "New Hatchback Cars in India Between Rs 1 Lakh to Rs 5 Lakh123 | CarDekho.com"(carsearch.feature:40)

]]></system-out>
    <system-err><![CDATA[Starting ChromeDriver 2.41.578737 (49da6702b16031c40d63e5618de03a32ff6c197e) on port 2320
Only local connections are allowed.
Dec 14, 2018 8:31:29 PM org.openqa.selenium.remote.ProtocolHandshake createSession
INFO: Detected dialect: OSS
log4j:WARN No appenders could be found for logger (freemarker.cache).
log4j:WARN Please initialize the log4j system properly.
log4j:WARN See http://logging.apache.org/log4j/1.2/faq.html#noconfig for more info.
]]></system-err>
  </testcase>
</testsuite>